<?xml version="1.0" encoding="UTF-8"?>
<!-- Generated by org.testng.reporters.JUnitReportReporter -->
<testsuite hostname="N110630" name="tests.LoginTests" tests="2" failures="0" timestamp="21 Apr 2021 20:35:20 GMT" time="14.162" errors="0">
  <testcase name="invalidLoginTest_InvalidUserNameInvalidPassword" time="8.532" classname="tests.LoginTests"/>
  <testcase name="invalidLoginTest_EmptyUserEmptyPassword" time="5.630" classname="tests.LoginTests"/>
</testsuite> <!-- tests.LoginTests -->
